2026-04-20 15:04:39,405 [INFO] 🏎️  OpenF1 pipeline starting…
2026-04-20 15:10:25,460 [INFO] 🏎️  OpenF1 pipeline starting…
2026-04-20 15:21:06,062 [INFO] 🏎️  OpenF1 pipeline starting…
2026-04-20 16:04:22,958 [INFO] 🏎️  OpenF1 pipeline starting…
2026-04-20 16:04:41,641 [INFO] 🏎️  OpenF1 pipeline starting…
2026-04-20 16:05:03,004 [INFO] 🏎️  OpenF1 pipeline starting…
2026-04-20 16:06:28,361 [INFO] 🏎️  OpenF1 pipeline starting…
2026-04-20 16:29:18,675 [INFO] 🏎️  OpenF1 pipeline starting…
2026-04-20 16:29:18,727 [INFO] ✅ All tables created / verified.
2026-04-20 16:29:18,727 [INFO]   ↓ Fetching /meetings…
2026-04-20 16:29:18,945 [ERROR] ❌ Error fetching meetings: 404 Client Error: Not Found for url: https://api.openf1.org/v1/meetings?session_key=9159
2026-04-20 16:29:18,946 [INFO]     ⚠  No records returned for 'meetings'
2026-04-20 16:29:19,451 [INFO]   ↓ Fetching /sessions…
2026-04-20 16:29:19,665 [INFO]     ✔  1 record(s) upserted into 'sessions'
2026-04-20 16:29:20,171 [INFO]   ↓ Fetching /drivers…
2026-04-20 16:29:20,355 [INFO]     ✔  20 record(s) upserted into 'drivers'
2026-04-20 16:29:20,860 [INFO]   ↓ Fetching /car_data…
2026-04-20 16:29:26,413 [ERROR] ❌ Error fetching car_data: 422 Client Error: Unprocessable Entity for url: https://api.openf1.org/v1/car_data?session_key=9159
2026-04-20 16:29:26,416 [INFO]     ⚠  No records returned for 'car_data'
2026-04-20 16:29:26,920 [INFO]   ↓ Fetching /championship_drivers…
2026-04-20 16:29:27,157 [ERROR] ❌ Error fetching championship_drivers: 404 Client Error: Not Found for url: https://api.openf1.org/v1/championship_drivers?session_key=9159
2026-04-20 16:29:27,160 [INFO]     ⚠  No records returned for 'championship_drivers'
2026-04-20 16:29:27,665 [INFO]   ↓ Fetching /championship_teams…
2026-04-20 16:29:27,879 [ERROR] ❌ Error fetching championship_teams: 404 Client Error: Not Found for url: https://api.openf1.org/v1/championship_teams?session_key=9159
2026-04-20 16:29:27,881 [INFO]     ⚠  No records returned for 'championship_teams'
2026-04-20 16:29:28,386 [INFO]   ↓ Fetching /intervals…
2026-04-20 16:29:28,590 [ERROR] ❌ Error fetching intervals: 404 Client Error: Not Found for url: https://api.openf1.org/v1/intervals?session_key=9159
2026-04-20 16:29:28,592 [INFO]     ⚠  No records returned for 'intervals'
2026-04-20 16:29:29,095 [INFO]   ↓ Fetching /laps…
2026-04-20 16:29:29,447 [INFO]     ✔  475 record(s) upserted into 'laps'
2026-04-20 16:29:29,953 [INFO]   ↓ Fetching /location…
2026-04-20 16:29:35,536 [ERROR] ❌ Error fetching location: 422 Client Error: Unprocessable Entity for url: https://api.openf1.org/v1/location?session_key=9159
2026-04-20 16:29:35,539 [INFO]     ⚠  No records returned for 'location'
2026-04-20 16:29:36,044 [INFO]   ↓ Fetching /overtakes…
2026-04-20 16:29:36,229 [ERROR] ❌ Error fetching overtakes: 404 Client Error: Not Found for url: https://api.openf1.org/v1/overtakes?session_key=9159
2026-04-20 16:29:36,232 [INFO]     ⚠  No records returned for 'overtakes'
2026-04-20 16:29:36,737 [INFO]   ↓ Fetching /pit…
2026-04-20 16:29:36,926 [INFO]     ✔  73 record(s) upserted into 'pit'
2026-04-20 16:29:37,432 [INFO]   ↓ Fetching /position…
2026-04-20 16:29:37,679 [INFO]     ✔  655 record(s) upserted into 'position'
2026-04-20 16:29:38,184 [INFO]   ↓ Fetching /race_control…
2026-04-20 16:29:38,351 [INFO]     ✔  15 record(s) upserted into 'race_control'
2026-04-20 16:29:38,856 [INFO]   ↓ Fetching /session_result…
2026-04-20 16:29:39,054 [INFO]     ✔  20 record(s) upserted into 'session_result'
2026-04-20 16:29:39,559 [INFO]   ↓ Fetching /starting_grid…
2026-04-20 16:29:39,709 [ERROR] ❌ Error fetching starting_grid: 404 Client Error: Not Found for url: https://api.openf1.org/v1/starting_grid?session_key=9159
2026-04-20 16:29:39,711 [INFO]     ⚠  No records returned for 'starting_grid'
2026-04-20 16:29:40,216 [INFO]   ↓ Fetching /stints…
2026-04-20 16:29:40,391 [INFO]     ✔  73 record(s) upserted into 'stints'
2026-04-20 16:29:40,892 [INFO]   ↓ Fetching /team_radio…
2026-04-20 16:29:41,089 [INFO]     ✔  15 record(s) upserted into 'team_radio'
2026-04-20 16:29:41,594 [INFO]   ↓ Fetching /weather…
2026-04-20 16:32:43,145 [INFO] 🏎️  OpenF1 pipeline starting…
2026-04-20 16:32:43,161 [INFO] ✅ All tables created / verified.
2026-04-20 16:32:43,161 [INFO]   ↓ Fetching /meetings…
2026-04-20 16:32:43,267 [ERROR] ❌ Error fetching meetings: 404 Client Error: Not Found for url: https://api.openf1.org/v1/meetings?session_key=9159
2026-04-20 16:32:43,268 [INFO]     ⚠  No records returned for 'meetings'
2026-04-20 16:32:43,773 [INFO]   ↓ Fetching /sessions…
2026-04-20 16:32:43,935 [INFO]     ✔  1 record(s) upserted into 'sessions'
2026-04-20 16:32:44,438 [INFO]   ↓ Fetching /drivers…
2026-04-20 16:32:44,569 [INFO]     ✔  20 record(s) upserted into 'drivers'
2026-04-20 16:32:45,075 [INFO]   ↓ Fetching /car_data…
2026-04-20 16:32:50,232 [ERROR] ❌ Error fetching car_data: 422 Client Error: Unprocessable Entity for url: https://api.openf1.org/v1/car_data?session_key=9159
2026-04-20 16:32:50,233 [INFO]     ⚠  No records returned for 'car_data'
2026-04-20 16:32:50,739 [INFO]   ↓ Fetching /championship_drivers…
2026-04-20 16:32:50,878 [ERROR] ❌ Error fetching championship_drivers: 404 Client Error: Not Found for url: https://api.openf1.org/v1/championship_drivers?session_key=9159
2026-04-20 16:32:50,879 [INFO]     ⚠  No records returned for 'championship_drivers'
2026-04-20 16:32:51,384 [INFO]   ↓ Fetching /championship_teams…
2026-04-20 16:32:51,513 [ERROR] ❌ Error fetching championship_teams: 404 Client Error: Not Found for url: https://api.openf1.org/v1/championship_teams?session_key=9159
2026-04-20 16:32:51,514 [INFO]     ⚠  No records returned for 'championship_teams'
2026-04-20 16:32:52,019 [INFO]   ↓ Fetching /intervals…
2026-04-20 16:32:52,406 [ERROR] ❌ Error fetching intervals: 404 Client Error: Not Found for url: https://api.openf1.org/v1/intervals?session_key=9159
2026-04-20 16:32:52,408 [INFO]     ⚠  No records returned for 'intervals'
2026-04-20 16:32:52,914 [INFO]   ↓ Fetching /laps…
2026-04-20 16:32:53,166 [INFO]     ✔  475 record(s) upserted into 'laps'
2026-04-20 16:32:53,671 [INFO]   ↓ Fetching /location…
2026-04-20 16:33:21,027 [INFO]     ✔  380820 record(s) upserted into 'location'
2026-04-20 16:33:21,532 [INFO]   ↓ Fetching /overtakes…
2026-04-20 16:33:21,668 [ERROR] ❌ Error fetching overtakes: 404 Client Error: Not Found for url: https://api.openf1.org/v1/overtakes?session_key=9159
2026-04-20 16:33:21,707 [INFO]     ⚠  No records returned for 'overtakes'
2026-04-20 16:33:22,212 [INFO]   ↓ Fetching /pit…
2026-04-20 16:33:22,336 [INFO]     ✔  73 record(s) upserted into 'pit'
2026-04-20 16:33:22,841 [INFO]   ↓ Fetching /position…
2026-04-20 16:33:23,012 [INFO]     ✔  655 record(s) upserted into 'position'
2026-04-20 16:33:23,517 [INFO]   ↓ Fetching /race_control…
2026-04-20 16:33:23,664 [INFO]     ✔  15 record(s) upserted into 'race_control'
2026-04-20 16:33:24,166 [INFO]   ↓ Fetching /session_result…
2026-04-20 16:33:24,299 [INFO]     ✔  20 record(s) upserted into 'session_result'
2026-04-20 16:33:24,804 [INFO]   ↓ Fetching /starting_grid…
2026-04-20 16:33:24,986 [ERROR] ❌ Error fetching starting_grid: 404 Client Error: Not Found for url: https://api.openf1.org/v1/starting_grid?session_key=9159
2026-04-20 16:33:24,989 [INFO]     ⚠  No records returned for 'starting_grid'
2026-04-20 16:33:25,492 [INFO]   ↓ Fetching /stints…
2026-04-20 16:33:25,640 [INFO]     ✔  73 record(s) upserted into 'stints'
2026-04-20 16:33:26,143 [INFO]   ↓ Fetching /team_radio…
2026-04-20 16:33:26,282 [INFO]     ✔  15 record(s) upserted into 'team_radio'
2026-04-20 16:33:26,788 [INFO]   ↓ Fetching /weather…
2026-04-20 16:33:26,943 [INFO]     ✔  83 record(s) upserted into 'weather'
2026-04-20 16:33:27,448 [INFO] 🏁 Pipeline finished. Total records upserted: 382250
